<?xml version="1.0" encoding="UTF-8"?>
<testng-results skipped="0" failed="0" ignored="0" total="1" passed="1">
  <reporter-output>
  </reporter-output>
  <suite name="Framework2023" duration-ms="21228" started-at="2023-01-09T11:18:53 EST" finished-at="2023-01-09T11:19:14 EST">
    <groups>
    </groups>
    <test name="Bank test" duration-ms="21228" started-at="2023-01-09T11:18:53 EST" finished-at="2023-01-09T11:19:14 EST">
      <class name="com.bank.testCases.TC_AddCustomerTest_002">
        <test-method status="PASS" signature="setup(java.lang.String)[pri:0, instance:com.bank.testCases.TC_AddCustomerTest_002@3e6fa38a]" name="setup" is-config="true" duration-ms="6767" started-at="2023-01-09T11:18:53 EST" finished-at="2023-01-09T11:19:00 EST">
          <params>
            <param index="0">
              <value>
                <![CDATA[chrome]]>
              </value>
            </param>
          </params>
          <reporter-output>
          </reporter-output>
        </test-method> <!-- setup -->
        <test-method status="PASS" signature="addNewCustomer()[pri:0, instance:com.bank.testCases.TC_AddCustomerTest_002@3e6fa38a]" name="addNewCustomer" duration-ms="14144" started-at="2023-01-09T11:19:00 EST" finished-at="2023-01-09T11:19:14 EST">
          <reporter-output>
          </reporter-output>
        </test-method> <!-- addNewCustomer -->
        <test-method status="PASS" signature="TearDown()[pri:0, instance:com.bank.testCases.TC_AddCustomerTest_002@3e6fa38a]" name="TearDown" is-config="true" duration-ms="1" started-at="2023-01-09T11:19:14 EST" finished-at="2023-01-09T11:19:14 EST">
          <reporter-output>
          </reporter-output>
        </test-method> <!-- TearDown -->
      </class> <!-- com.bank.testCases.TC_AddCustomerTest_002 -->
    </test> <!-- Bank test -->
  </suite> <!-- Framework2023 -->
</testng-results>
